<?xml version="1.0" encoding="UTF-8"?>
<!-- Generated by org.testng.reporters.JUnitReportReporter -->
<testsuite hostname="AMU" failures="0" tests="1" name="testlayerSignIn.AmazonSignIn" time="3.331" errors="0" timestamp="2024-06-28T21:50:45 PDT" skipped="0">
  <testcase classname="testlayerSignIn.AmazonSignIn" name="verifySignIn" time="3.331"/>
</testsuite> <!-- testlayerSignIn.AmazonSignIn -->
