<?xml version="1.0" encoding="UTF-8"?>
<!-- Generated by org.testng.reporters.JUnitReportReporter -->
<testsuite hostname="AMU" failures="0" tests="1" name="testlayerHome.AmazonHomepage" time="4.213" errors="0" timestamp="2024-06-28T21:52:43 PDT" skipped="0">
  <testcase classname="testlayerHome.AmazonHomepage" name="testSearchProduct" time="4.213"/>
</testsuite> <!-- testlayerHome.AmazonHomepage -->
